Log file open, 12/21/18 09:13:08
LogWindows: Failed to load 'aqProf.dll' (GetLastError=126)
LogWindows: File 'aqProf.dll' does not exist
LogWindows: Failed to load 'VSPerf140.dll' (GetLastError=126)
LogWindows: File 'VSPerf140.dll' does not exist
LogWindows: Failed to load 'VtuneApi.dll' (GetLastError=126)
LogWindows: File 'VtuneApi.dll' does not exist
LogWindows: Failed to load 'VtuneApi32e.dll' (GetLastError=126)
LogWindows: File 'VtuneApi32e.dll' does not exist
LogInit: Display: Running engine for game: SnowedOut
LogPlatformFile: Not using cached read wrapper
LogTaskGraph: Started task graph with 5 named threads and 35 total threads with 3 sets of task threads.
LogStats: Stats thread started at 2.696546
LogD3D11RHI: Loaded GFSDK_Aftermath_Lib.x64.dll
LogICUInternationalization: Display: ICU TimeZone Detection - Raw Offset: -5:00, Platform Override: ''
LogPluginManager: Mounting plugin Paper2D
LogPluginManager: Mounting plugin AISupport
LogPluginManager: Mounting plugin LightPropagationVolume
LogPluginManager: Mounting plugin CLionSourceCodeAccess
LogPluginManager: Mounting plugin CodeLiteSourceCodeAccess
LogPluginManager: Mounting plugin GitSourceControl
LogPluginManager: Mounting plugin KDevelopSourceCodeAccess
LogPluginManager: Mounting plugin NullSourceCodeAccess
LogPluginManager: Mounting plugin PerforceSourceControl
LogPluginManager: Mounting plugin SubversionSourceControl
LogPluginManager: Mounting plugin UObjectPlugin
LogPluginManager: Mounting plugin VisualStudioCodeSourceCodeAccess
LogPluginManager: Mounting plugin VisualStudioSourceCodeAccess
LogPluginManager: Mounting plugin XCodeSourceCodeAccess
LogPluginManager: Mounting plugin AssetManagerEditor
LogPluginManager: Mounting plugin CryptoKeys
LogPluginManager: Mounting plugin DataValidation
LogPluginManager: Mounting plugin FacialAnimation
LogPluginManager: Mounting plugin GameplayTagsEditor
LogPluginManager: Mounting plugin MacGraphicsSwitching
LogPluginManager: Mounting plugin MeshEditor
LogPluginManager: Mounting plugin MobileLauncherProfileWizard
LogPluginManager: Mounting plugin PluginBrowser
LogPluginManager: Mounting plugin SpeedTreeImporter
LogPluginManager: Mounting plugin DatasmithContent
LogPluginManager: Mounting plugin AlembicImporter
LogPluginManager: Mounting plugin AppleImageUtils
LogPluginManager: Mounting plugin AppleVision
LogPluginManager: Mounting plugin BackChannel
LogPluginManager: Mounting plugin CharacterAI
LogPluginManager: Mounting plugin GeometryCache
LogPluginManager: Mounting plugin HTML5Networking
LogPluginManager: Mounting plugin ProxyLODPlugin
LogPluginManager: Mounting plugin MagicLeap
LogPluginManager: Mounting plugin MagicLeapEmulator
LogPluginManager: Mounting plugin MagicLeapMedia
LogPluginManager: Mounting plugin Substance
LogPluginManager: Mounting plugin AndroidMedia
LogPluginManager: Mounting plugin AvfMedia
LogPluginManager: Mounting plugin ImgMedia
LogPluginManager: Mounting plugin LinearTimecode
LogPluginManager: Mounting plugin MediaCompositing
LogPluginManager: Mounting plugin MediaPlayerEditor
LogPluginManager: Mounting plugin WmfMedia
LogPluginManager: Mounting plugin TcpMessaging
LogPluginManager: Mounting plugin UdpMessaging
LogPluginManager: Mounting plugin ActorSequence
LogPluginManager: Mounting plugin LevelSequenceEditor
LogPluginManager: Mounting plugin MatineeToLevelSequence
LogPluginManager: Mounting plugin NetcodeUnitTest
LogPluginManager: Mounting plugin NUTUnrealEngine4
LogPluginManager: Mounting plugin OnlineSubsystemGooglePlay
LogPluginManager: Mounting plugin OnlineSubsystemIOS
LogPluginManager: Mounting plugin OnlineSubsystem
LogPluginManager: Mounting plugin OnlineSubsystemNull
LogPluginManager: Mounting plugin OnlineSubsystemUtils
LogPluginManager: Mounting plugin LauncherChunkInstaller
LogPluginManager: Mounting plugin AndroidDeviceProfileSelector
LogPluginManager: Mounting plugin AndroidMoviePlayer
LogPluginManager: Mounting plugin AndroidPermission
LogPluginManager: Mounting plugin AppleMoviePlayer
LogPluginManager: Mounting plugin ArchVisCharacter
LogPluginManager: Mounting plugin AudioCapture
LogPluginManager: Mounting plugin CableComponent
LogPluginManager: Mounting plugin CustomMeshComponent
LogPluginManager: Mounting plugin EditableMesh
LogPluginManager: Mounting plugin ExampleDeviceProfileSelector
LogPluginManager: Mounting plugin GoogleCloudMessaging
LogPluginManager: Mounting plugin ImmediatePhysics
LogPluginManager: Mounting plugin IOSDeviceProfileSelector
LogPluginManager: Mounting plugin LinuxDeviceProfileSelector
LogPluginManager: Mounting plugin LocationServicesBPLibrary
LogPluginManager: Mounting plugin MobilePatchingUtils
LogPluginManager: Mounting plugin OculusVR
LogPluginManager: Plugin shader directory ../../../Engine/Plugins/Runtime/Oculus/OculusVR/Shaders found
LogPluginManager: Mapping shader source directory ../../../Engine/Plugins/Runtime/Oculus/OculusVR/Shaders to virtual directory /Plugin/OculusVR
LogPluginManager: Mounting plugin PhysXVehicles
LogPluginManager: Mounting plugin ProceduralMeshComponent
LogPluginManager: Mounting plugin RuntimePhysXCooking
LogPluginManager: Mounting plugin SteamVR
LogPluginManager: Mounting plugin WindowsMoviePlayer
LogStreaming: Display: Took  2.848s to configure plugins.
LogInit: Using libcurl 7.55.1-DEV
LogInit:  - built for x86_64-pc-win32
LogInit:  - supports SSL with OpenSSL/1.0.2h
LogInit:  - supports HTTP deflate (compression) using libz 1.2.8
LogInit:  - other features:
LogInit:      CURL_VERSION_SSL
LogInit:      CURL_VERSION_LIBZ
LogInit:      CURL_VERSION_IPV6
LogInit:      CURL_VERSION_ASYNCHDNS
LogInit:      CURL_VERSION_LARGEFILE
LogInit:      CURL_VERSION_IDN
LogInit:  CurlRequestOptions (configurable via config and command line):
LogInit:  - bVerifyPeer = false  - Libcurl will NOT verify peer certificate
LogInit:  - bUseHttpProxy = false  - Libcurl will NOT use HTTP proxy
LogInit:  - bDontReuseConnections = false  - Libcurl will reuse connections
LogInit:  - CertBundlePath = nullptr  - Libcurl will use whatever was configured at build time.
LogInit:  - MaxHostConnections = 16  - Libcurl will limit the number of connections to a host
LogInit:  - LocalHostAddr = Default
LogInit:  - BufferSize = 65536
LogInit: WinSock: version 1.1 (2.2), MaxSocks=32767, MaxUdp=65467
LogInit: Build: ++UE4+Release-4.20-CL-4369336
LogInit: Engine Version: 4.20.3-4369336+++UE4+Release-4.20
LogInit: Compatible Engine Version: 4.20.0-4212847+++UE4+Release-4.20
LogInit: Net CL: 4212847
LogInit: OS: Windows 10 (), CPU:       Intel(R) Xeon(R) CPU E5-2620 v2 @ 2.10GHz, GPU: NVIDIA Quadro P4000
LogInit: Compiled (64-bit): Sep 17 2018 12:26:19
LogInit: Compiled with Visual C++: 19.13.26129.00
LogInit: Build Configuration: Development
LogInit: Branch Name: ++UE4+Release-4.20
LogInit: Command Line:  
LogInit: Base Directory: C:/Program Files/Epic Games/UE_4.20/Engine/Binaries/Win64/
LogInit: Installed Engine Build: 1
LogDevObjectVersion: Number of dev versions registered: 20
LogDevObjectVersion:   Dev-Blueprints (B0D832E4-1F89-4F0D-ACCF-7EB736FD4AA2): 10
LogDevObjectVersion:   Dev-Build (E1C64328-A22C-4D53-A36C-8E866417BD8C): 0
LogDevObjectVersion:   Dev-Core (375EC13C-06E4-48FB-B500-84F0262A717E): 2
LogDevObjectVersion:   Dev-Editor (E4B068ED-F494-42E9-A231-DA0B2E46BB41): 24
LogDevObjectVersion:   Dev-Framework (CFFC743F-43B0-4480-9391-14DF171D2073): 34
LogDevObjectVersion:   Dev-Mobile (B02B49B5-BB20-44E9-A304-32B752E40360): 2
LogDevObjectVersion:   Dev-Networking (A4E4105C-59A1-49B5-A7C5-40C4547EDFEE): 0
LogDevObjectVersion:   Dev-Online (39C831C9-5AE6-47DC-9A44-9C173E1C8E7C): 0
LogDevObjectVersion:   Dev-Physics (78F01B33-EBEA-4F98-B9B4-84EACCB95AA2): 0
LogDevObjectVersion:   Dev-Platform (6631380F-2D4D-43E0-8009-CF276956A95A): 0
LogDevObjectVersion:   Dev-Rendering (12F88B9F-8875-4AFC-A67C-D90C383ABD29): 26
LogDevObjectVersion:   Dev-Sequencer (7B5AE74C-D270-4C10-A958-57980B212A5A): 9
LogDevObjectVersion:   Dev-VR (D7296918-1DD6-4BDD-9DE2-64A83CC13884): 2
LogDevObjectVersion:   Dev-LoadTimes (C2A15278-BFE7-4AFE-6C17-90FF531DF755): 1
LogDevObjectVersion:   Private-Geometry (6EACA3D4-40EC-4CC1-B786-8BED09428FC5): 3
LogDevObjectVersion:   Dev-AnimPhys (29E575DD-E0A3-4627-9D10-D276232CDCEA): 17
LogDevObjectVersion:   Dev-ReflectionCapture (6B266CEC-1EC7-4B8F-A30B-E4D90942FC07): 1
LogDevObjectVersion:   Dev-Automation (0DF73D61-A23F-47EA-B727-89E90C41499A): 1
LogDevObjectVersion:   FortniteMain (601D1886-AC64-4F84-AA16-D3DE0DEAC7D6): 12
LogDevObjectVersion:   Dev-Enterprise (9DFFBCD6-494F-0158-E221-12823C92A888): 1
LogStreaming: Display: Took  0.008s to delete old logs.
LogInit: Presizing for max 8388607 objects, including 0 objects not considered by GC, pre-allocating 0 bytes for permanent pool.
LogInit: Object subsystem initialized
[2018.12.21-14.13.10:301][  0]LogInit: Selected Device Profile: [Windows]
[2018.12.21-14.13.10:301][  0]LogInit: Applying CVar settings loaded from the selected device profile: [Windows]
[2018.12.21-14.13.10:447][  0]LogHAL: Display: Platform has ~ 8 GB [8501403648 / 8589934592 / 8], which maps to Default [LargestMinGB=32, LargerMinGB=12, DefaultMinGB=8, SmallerMinGB=6, SmallestMinGB=0)
[2018.12.21-14.13.10:447][  0]LogInit: Setting Device Profile CVar: [[r.Vulkan.UseRealUBs:1]]
[2018.12.21-14.13.10:447][  0]LogInit: Going up to parent DeviceProfile []
[2018.12.21-14.13.10:469][  0]LogInit: Computer: WTH-CGDA-07
[2018.12.21-14.13.10:469][  0]LogInit: User: CGDA11
[2018.12.21-14.13.10:469][  0]LogInit: CPU Page size=4096, Cores=6
[2018.12.21-14.13.10:469][  0]LogInit: High frequency timer resolution =2.050783 MHz
[2018.12.21-14.13.10:469][  0]LogMemory: Memory total: Physical=7.9GB (8GB approx)
[2018.12.21-14.13.10:469][  0]LogMemory: Platform Memory Stats for Windows
[2018.12.21-14.13.10:469][  0]LogMemory: Process Physical Memory: 102.03 MB used, 102.03 MB peak
[2018.12.21-14.13.10:469][  0]LogMemory: Process Virtual Memory: 93.84 MB used, 93.84 MB peak
[2018.12.21-14.13.10:469][  0]LogMemory: Physical Memory: 3380.41 MB used,  4727.16 MB free, 8107.57 MB total
[2018.12.21-14.13.10:469][  0]LogMemory: Virtual Memory: 4665.48 MB used,  4727.16 MB free, 134217728.00 MB total
[2018.12.21-14.13.11:033][  0]LogInit: Using OS detected language (en-US).
[2018.12.21-14.13.11:033][  0]LogInit: Using OS detected locale (en-US).
[2018.12.21-14.13.11:056][  0]LogTextLocalizationManager: No specific localization for 'en-US' exists, so the 'en' localization will be used.
[2018.12.21-14.13.11:977][  0]LogStreaming: Display: Took  0.945s to InitEngineTextLocalization.
[2018.12.21-14.13.11:978][  0]LogInit: Setting process to per monitor DPI aware
[2018.12.21-14.13.12:313][  0]LogSlate: New Slate User Created.  User Index 0, Is Virtual User: 0
[2018.12.21-14.13.12:313][  0]LogSlate: Slate User Registered.  User Index 0, Is Virtual User: 0
[2018.12.21-14.13.20:831][  0]LogHMD: Failed to initialize OpenVR with code 110
[2018.12.21-14.13.20:855][  0]LogD3D11RHI: D3D11 adapters:
[2018.12.21-14.13.20:974][  0]LogD3D11RHI:    0. 'NVIDIA Quadro P4000' (Feature Level 11_0)
[2018.12.21-14.13.20:974][  0]LogD3D11RHI:       8090/0/4053 MB DedicatedVideo/DedicatedSystem/SharedSystem, Outputs:2, VendorId:0x10de
[2018.12.21-14.13.20:977][  0]LogD3D11RHI:    1. 'Microsoft Basic Render Driver' (Feature Level 11_0)
[2018.12.21-14.13.20:977][  0]LogD3D11RHI:       0/0/4053 MB DedicatedVideo/DedicatedSystem/SharedSystem, Outputs:0, VendorId:0x1414
[2018.12.21-14.13.20:977][  0]LogD3D11RHI: Chosen D3D11 Adapter: 0
[2018.12.21-14.13.20:986][  0]LogD3D11RHI: Creating new Direct3DDevice
[2018.12.21-14.13.20:986][  0]LogD3D11RHI:     GPU DeviceId: 0x1bb1 (for the marketing name, search the web for "GPU Device Id")
[2018.12.21-14.13.20:986][  0]LogWindows: EnumDisplayDevices:
[2018.12.21-14.13.20:986][  0]LogWindows:    0. 'NVIDIA Quadro P4000' (P:1 D:1)
[2018.12.21-14.13.20:986][  0]LogWindows:    1. 'NVIDIA Quadro P4000' (P:0 D:1)
[2018.12.21-14.13.20:987][  0]LogWindows:    2. 'NVIDIA Quadro P4000' (P:0 D:0)
[2018.12.21-14.13.20:987][  0]LogWindows:    3. 'NVIDIA Quadro P4000' (P:0 D:0)
[2018.12.21-14.13.20:987][  0]LogWindows: DebugString: FoundDriverCount:4 
[2018.12.21-14.13.20:987][  0]LogD3D11RHI:     Adapter Name: NVIDIA Quadro P4000
[2018.12.21-14.13.20:987][  0]LogD3D11RHI:   Driver Version: 391.33 (internal:23.21.13.9133, unified:391.33)
[2018.12.21-14.13.20:987][  0]LogD3D11RHI:      Driver Date: 3-22-2018
[2018.12.21-14.13.20:987][  0]LogRHI: Texture pool is 5663 MB (70% of 8090 MB)
[2018.12.21-14.13.21:079][  0]LogD3D11RHI: Async texture creation enabled
[2018.12.21-14.13.21:145][  0]LogD3D11RHI: GPU Timing Frequency: 1000.000000 (Debug: 2 2)
[2018.12.21-14.13.21:188][  0]LogShaderCompilers: Guid format shader working directory is -18 characters bigger than the processId version (../../../../../../Users/CGDA 11/Documents/Unreal Projects/SnowedOut/Intermediate/Shaders/WorkingDirectory/904/).
[2018.12.21-14.13.21:189][  0]LogShaderCompilers: Cleaned the shader compiler working directory 'C:/Users/CGDA 11/AppData/Local/Temp/UnrealShaderWorkingDir/C6478D824ED12F06E3B83FB38EF65301/'.
[2018.12.21-14.13.22:151][  0]LogTemp: Display: Loaded TP AllDesktopTargetPlatform
[2018.12.21-14.13.22:181][  0]LogTemp: Display: Loaded TP MacClientTargetPlatform
[2018.12.21-14.13.22:208][  0]LogTemp: Display: Loaded TP MacNoEditorTargetPlatform
[2018.12.21-14.13.22:241][  0]LogTemp: Display: Loaded TP MacServerTargetPlatform
[2018.12.21-14.13.22:301][  0]LogTemp: Display: Loaded TP MacTargetPlatform
[2018.12.21-14.13.22:338][  0]LogTemp: Display: Loaded TP WindowsClientTargetPlatform
[2018.12.21-14.13.22:396][  0]LogTemp: Display: Loaded TP WindowsNoEditorTargetPlatform
[2018.12.21-14.13.22:430][  0]LogTemp: Display: Loaded TP WindowsServerTargetPlatform
[2018.12.21-14.13.22:452][  0]LogTemp: Display: Loaded TP WindowsTargetPlatform
[2018.12.21-14.13.22:704][  0]LogTemp: Display: Loaded TP AndroidTargetPlatform
[2018.12.21-14.13.22:704][  0]LogTemp: Display: Loaded TP AndroidTargetPlatform
[2018.12.21-14.13.22:704][  0]LogTemp: Display: Loaded TP AndroidTargetPlatform
[2018.12.21-14.13.22:704][  0]LogTemp: Display: Loaded TP AndroidTargetPlatform
[2018.12.21-14.13.22:704][  0]LogTemp: Display: Loaded TP AndroidTargetPlatform
[2018.12.21-14.13.22:704][  0]LogTemp: Display: Loaded TP AndroidTargetPlatform
[2018.12.21-14.13.22:704][  0]LogTemp: Display: Loaded TP AndroidTargetPlatform
[2018.12.21-14.13.22:704][  0]LogTemp: Display: Loaded TP AndroidTargetPlatform
[2018.12.21-14.13.22:704][  0]LogTemp: Display: Loaded TP AndroidTargetPlatform
[2018.12.21-14.13.22:704][  0]LogTemp: Display: Loaded TP AndroidTargetPlatform
[2018.12.21-14.13.22:704][  0]LogTemp: Display: Loaded TP AndroidTargetPlatform
[2018.12.21-14.13.22:704][  0]LogTemp: Display: Loaded TP AndroidTargetPlatform
[2018.12.21-14.13.22:704][  0]LogTemp: Display: Loaded TP AndroidTargetPlatform
[2018.12.21-14.13.22:704][  0]LogTemp: Display: Loaded TP AndroidTargetPlatform
[2018.12.21-14.13.22:704][  0]LogTemp: Display: Loaded TP AndroidTargetPlatform
[2018.12.21-14.13.22:704][  0]LogTemp: Display: Loaded TP AndroidTargetPlatform
[2018.12.21-14.13.22:704][  0]LogTemp: Display: Loaded TP AndroidTargetPlatform
[2018.12.21-14.13.22:704][  0]LogTemp: Display: Loaded TP AndroidTargetPlatform
[2018.12.21-14.13.22:730][  0]LogTemp: Display: Loaded TP HTML5TargetPlatform
[2018.12.21-14.13.22:927][  0]LogTemp: Display: Loaded TP IOSTargetPlatform
[2018.12.21-14.13.22:927][  0]LogTemp: Display: Loaded TP IOSTargetPlatform
[2018.12.21-14.13.22:981][  0]LogTemp: Display: Loaded TP TVOSTargetPlatform
[2018.12.21-14.13.22:981][  0]LogTemp: Display: Loaded TP TVOSTargetPlatform
[2018.12.21-14.13.23:020][  0]LogTemp: Display: Loaded TP LinuxClientTargetPlatform
[2018.12.21-14.13.23:070][  0]LogTemp: Display: Loaded TP LinuxNoEditorTargetPlatform
[2018.12.21-14.13.23:107][  0]LogTemp: Display: Loaded TP LinuxServerTargetPlatform
[2018.12.21-14.13.23:141][  0]LogTemp: Display: Loaded TP LinuxTargetPlatform
[2018.12.21-14.13.23:157][  0]LogTemp: Display: Loaded TP LuminTargetPlatform
[2018.12.21-14.13.23:157][  0]LogTargetPlatformManager: Display: Building Assets For Windows
[2018.12.21-14.13.23:677][  0]LogXGEController: Cleaning working directory: C:/Users/CGDA 11/AppData/Local/Temp/UnrealXGEWorkingDir/
[2018.12.21-14.13.23:678][  0]LogXGEController: Cannot use XGE Controller as Incredibuild is not installed on this machine.
[2018.12.21-14.13.23:678][  0]LogShaderCompilers: Cannot use XGE Shader Compiler as Incredibuild is not installed on this machine.
[2018.12.21-14.13.23:678][  0]LogShaderCompilers: Display: Using Local Shader Compiler.
[2018.12.21-14.13.28:479][  0]LogDerivedDataCache: Display: Max Cache Size: 512 MB
[2018.12.21-14.13.29:006][  0]LogDerivedDataCache: Loaded boot cache 0.53s 71MB C:/Users/CGDA 11/AppData/Local/UnrealEngine/4.20/DerivedDataCache/Boot.ddc.
[2018.12.21-14.13.29:006][  0]LogDerivedDataCache: Display: Loaded Boot cache: C:/Users/CGDA 11/AppData/Local/UnrealEngine/4.20/DerivedDataCache/Boot.ddc
[2018.12.21-14.13.29:007][  0]LogDerivedDataCache: FDerivedDataBackendGraph:  Pak pak cache file ../../../../../../Users/CGDA 11/Documents/Unreal Projects/SnowedOut/DerivedDataCache/DDC.ddp not found, will not use a pak cache.
[2018.12.21-14.13.29:007][  0]LogDerivedDataCache: Unable to find inner node Pak for hierarchical cache Hierarchy.
[2018.12.21-14.13.29:007][  0]LogDerivedDataCache: FDerivedDataBackendGraph:  CompressedPak pak cache file ../../../../../../Users/CGDA 11/Documents/Unreal Projects/SnowedOut/DerivedDataCache/Compressed.ddp not found, will not use a pak cache.
[2018.12.21-14.13.29:007][  0]LogDerivedDataCache: Unable to find inner node CompressedPak for hierarchical cache Hierarchy.
[2018.12.21-14.13.29:057][  0]LogDerivedDataCache: Display: Pak cache opened for reading ../../../Engine/DerivedDataCache/Compressed.ddp.
[2018.12.21-14.13.29:070][  0]LogDerivedDataCache: Using Local data cache path C:/Users/CGDA 11/AppData/Local/UnrealEngine/Common/DerivedDataCache: Writable
[2018.12.21-14.13.29:070][  0]LogDerivedDataCache: Shared data cache path not found in *engine.ini, will not use an Shared cache.
[2018.12.21-14.13.29:070][  0]LogDerivedDataCache: Unable to find inner node Shared for hierarchical cache Hierarchy.
[2018.12.21-14.13.29:099][  0]LogMaterial: Verifying Global Shaders for PCD3D_SM5
[2018.12.21-14.13.29:132][  0]LogSlate: Using FreeType 2.6.0
[2018.12.21-14.13.29:190][  0]LogSlate: SlateFontServices - WITH_FREETYPE: 1, WITH_HARFBUZZ: 1
[2018.12.21-14.13.30:206][  0]LogAssetRegistry: FAssetRegistry took 0.0355 seconds to start up
[2018.12.21-14.13.33:368][  0]LogInit: Selected Device Profile: [Windows]
[2018.12.21-14.13.35:412][  0]LogSimplygon: Simplygon DLL not present - disabling.
[2018.12.21-14.13.35:976][  0]LogMeshReduction: Using SimplygonSwarm for distributed automatic mesh merging
[2018.12.21-14.13.35:977][  0]LogMeshReduction: Using ProxyLODMeshReduction for automatic mesh merging
[2018.12.21-14.13.35:987][  0]LogMeshReduction: Using QuadricMeshReduction for automatic static mesh reduction
[2018.12.21-14.13.35:987][  0]LogMeshReduction: No automatic skeletal mesh reduction module available
[2018.12.21-14.13.36:159][  0]LogNetVersion: SnowedOut 1.0.0, NetCL: 4212847, EngineNetVer: 5, GameNetVer: 0 (Checksum: 3613264031)
[2018.12.21-14.13.39:092][  0]LogPackageLocalizationCache: Processed 11 localized package path(s) for 2 prioritized culture(s) in 0.255103 seconds
[2018.12.21-14.13.39:140][  0]LogUObjectArray: 38425 objects as part of root set at end of initial load.
[2018.12.21-14.13.39:140][  0]LogUObjectAllocator: 6690872 out of 0 bytes used by permanent object pool.
[2018.12.21-14.13.39:140][  0]LogUObjectArray: CloseDisregardForGC: 0/0 objects in disregard for GC pool
[2018.12.21-14.13.57:811][  0]LogSubstanceCoreModule: Substance [CPU] Engine Loaded, Max Texture Size = 2048
[2018.12.21-14.13.57:903][  0]LogTcpMessaging: Initializing TcpMessaging bridge
[2018.12.21-14.13.57:945][  0]LogUdpMessaging: Initializing bridge on interface 0.0.0.0:0 to multicast group 230.0.0.1:6666.
[2018.12.21-14.13.59:058][  0]SourceControl: Source control is disabled
[2018.12.21-14.14.00:808][  0]LogAndroidPermission: UAndroidPermissionCallbackProxy::GetInstance
[2018.12.21-14.14.00:983][  0]LogOcInput: OculusInput pre-init called
[2018.12.21-14.14.01:883][  0]LogEngine: Initializing Engine...
[2018.12.21-14.14.01:897][  0]LogHMD: Failed to initialize OpenVR with code 110
[2018.12.21-14.14.01:910][  0]LogStats: UGameplayTagsManager::ConstructGameplayTagTree: ImportINI prefixes -  0.007 s
[2018.12.21-14.14.01:910][  0]LogStats: UGameplayTagsManager::ConstructGameplayTagTree: Construct from data asset -  0.000 s
[2018.12.21-14.14.01:911][  0]LogStats: UGameplayTagsManager::ConstructGameplayTagTree: ImportINI -  0.000 s
[2018.12.21-14.14.01:912][  0]LogStats: UGameplayTagsManager::ConstructGameplayTagTree: GameplayTagTreeChangedEvent.Broadcast -  0.000 s
[2018.12.21-14.14.04:709][  0]LogStats: FPlatformStackWalk::StackWalkAndDump -  2.128 s
[2018.12.21-14.14.04:709][  0]LogOutputDevice: Error: === Handled ensure: ===
[2018.12.21-14.14.04:709][  0]LogOutputDevice: Error: 
[2018.12.21-14.14.04:709][  0]LogOutputDevice: Error: Ensure condition failed: MaximumLoopIterations > 0 [File:D:\Build\++UE4\Sync\Engine\Source\Runtime\CoreUObject\Private\UObject\ScriptCore.cpp] [Line: 181]
[2018.12.21-14.14.04:709][  0]LogOutputDevice: Error: 
[2018.12.21-14.14.04:709][  0]LogOutputDevice: Error: Stack: 
[2018.12.21-14.14.04:709][  0]LogOutputDevice: Error: [Callstack] 0x00007fff7c1071f6 UE4Editor-Core.dll!UnknownFunction []
[2018.12.21-14.14.04:709][  0]LogOutputDevice: Error: [Callstack] 0x00007fff7be40c92 UE4Editor-Core.dll!UnknownFunction []
[2018.12.21-14.14.04:709][  0]LogOutputDevice: Error: [Callstack] 0x00007fff7be5b356 UE4Editor-Core.dll!UnknownFunction []
[2018.12.21-14.14.04:709][  0]LogOutputDevice: Error: [Callstack] 0x00007fff7b9357e2 UE4Editor-CoreUObject.dll!UnknownFunction []
[2018.12.21-14.14.04:710][  0]LogOutputDevice: Error: [Callstack] 0x00007fff5fe1bc5e UE4Editor-Engine.dll!UnknownFunction []
[2018.12.21-14.14.04:710][  0]LogOutputDevice: Error: [Callstack] 0x00007fff625d8568 UE4Editor-UnrealEd.dll!UnknownFunction []
[2018.12.21-14.14.04:710][  0]LogOutputDevice: Error: [Callstack] 0x00007fff625d6db0 UE4Editor-UnrealEd.dll!UnknownFunction []
[2018.12.21-14.14.04:710][  0]LogOutputDevice: Error: [Callstack] 0x00007fff62eaad67 UE4Editor-UnrealEd.dll!UnknownFunction []
[2018.12.21-14.14.04:710][  0]LogOutputDevice: Error: [Callstack] 0x00007ff7ceb429a1 UE4Editor.exe!UnknownFunction []
[2018.12.21-14.14.04:710][  0]LogOutputDevice: Error: [Callstack] 0x00007fff62f0bce9 UE4Editor-UnrealEd.dll!UnknownFunction []
[2018.12.21-14.14.04:710][  0]LogOutputDevice: Error: [Callstack] 0x00007ff7ceb55a34 UE4Editor.exe!UnknownFunction []
[2018.12.21-14.14.04:710][  0]LogOutputDevice: Error: [Callstack] 0x00007ff7ceb55bba UE4Editor.exe!UnknownFunction []
[2018.12.21-14.14.04:710][  0]LogOutputDevice: Error: [Callstack] 0x00007ff7ceb63dac UE4Editor.exe!UnknownFunction []
[2018.12.21-14.14.04:710][  0]LogOutputDevice: Error: [Callstack] 0x00007ff7ceb65aaa UE4Editor.exe!UnknownFunction []
[2018.12.21-14.14.04:710][  0]LogOutputDevice: Error: [Callstack] 0x00007fffa8b63034 KERNEL32.DLL!UnknownFunction []
[2018.12.21-14.14.04:710][  0]LogOutputDevice: Error: [Callstack] 0x00007fffab4f3691 ntdll.dll!UnknownFunction []
[2018.12.21-14.14.04:710][  0]LogOutputDevice: Error: 
[2018.12.21-14.14.04:716][  0]LogStats:                SubmitErrorReport -  0.000 s
[2018.12.21-14.14.09:121][  0]LogStats:                    SendNewReport -  4.405 s
[2018.12.21-14.14.09:121][  0]LogStats:             FDebug::EnsureFailed -  6.540 s
[2018.12.21-14.14.09:121][  0]LogInit: Initializing FReadOnlyCVARCache
[2018.12.21-14.14.09:389][  0]LogAIModule: Creating AISystem for world Untitled
[2018.12.21-14.14.09:432][  0]LogInit: XAudio2 using 'Speakers (High Definition Audio Device)' : 2 channels at 44.1 kHz using 16 bits per sample (channel mask 0x3)
[2018.12.21-14.14.09:700][  0]LogInit: FAudioDevice initialized.
[2018.12.21-14.14.09:701][  0]LogNetVersion: Set ProjectVersion to 1.0.0.0. Version Checksum will be recalculated on next use.
[2018.12.21-14.14.09:984][  0]LogDerivedDataCache: Saved boot cache 0.28s 71MB C:/Users/CGDA 11/AppData/Local/UnrealEngine/4.20/DerivedDataCache/Boot.ddc.
[2018.12.21-14.14.10:014][  0]LogInit: Texture streaming: Enabled
[2018.12.21-14.14.10:176][  0]LogEngineSessionManager: EngineSessionManager initialized
[2018.12.21-14.14.10:259][  0]LogInit: Transaction tracking system initialized
[2018.12.21-14.14.10:972][  0]BlueprintLog: New page: Editor Load
[2018.12.21-14.14.12:005][  0]LocalizationService: Localization service is disabled
[2018.12.21-14.14.12:836][  0]LogLinker: Warning: Can't find file '/Game/SideScrollerBP/SideScrollerOverview'
[2018.12.21-14.14.12:836][  0]LogLinker: Warning: Can't find file '/Game/SideScrollerBP/SideScrollerOverview'
[2018.12.21-14.14.12:836][  0]LogUObjectGlobals: Warning: Failed to find object 'Class /Game/SideScrollerBP/SideScrollerOverview.SideScrollerOverview_C'
[2018.12.21-14.14.15:608][  0]LogCook: Display: Max memory allowance for cook 16384mb min free memory 0mb
[2018.12.21-14.14.15:608][  0]LogCook: Display: Mobile HDR setting 1
[2018.12.21-14.14.15:609][  0]LogGameplayTags: Display: UGameplayTagsManager::DoneAddingNativeTags. DelegateIsBound: 0
[2018.12.21-14.14.15:609][  0]LogStats: UGameplayTagsManager::ConstructGameplayTagTree: ImportINI prefixes -  0.000 s
[2018.12.21-14.14.15:609][  0]LogStats: UGameplayTagsManager::ConstructGameplayTagTree: Construct from data asset -  0.000 s
[2018.12.21-14.14.15:609][  0]LogStats: UGameplayTagsManager::ConstructGameplayTagTree: ImportINI -  0.000 s
[2018.12.21-14.14.15:609][  0]LogStats: UGameplayTagsManager::ConstructGameplayTagTree: GameplayTagTreeChangedEvent.Broadcast -  0.000 s
[2018.12.21-14.14.16:062][  0]LogFileCache: Scanning file cache for directory 'C:/Users/CGDA 11/Documents/Unreal Projects/SnowedOut/Content/' took 0.03s
[2018.12.21-14.14.20:215][  0]Cmd: MAP LOAD FILE="../../../../../../Users/CGDA 11/Documents/Unreal Projects/SnowedOut/Content/StarterContent/Maps/MainMenu.umap" TEMPLATE=0 SHOWPROGRESS=1 FEATURELEVEL=3
[2018.12.21-14.14.20:240][  0]LightingResults: New page: Lighting Build
[2018.12.21-14.14.20:352][  0]MapCheck: New page: Map Check
[2018.12.21-14.14.20:352][  0]LightingResults: New page: Lighting Build
[2018.12.21-14.14.26:063][  0]LogAIModule: Creating AISystem for world MainMenu
[2018.12.21-14.14.26:378][  0]LogEditorServer: Finished looking for orphan Actors (0.000 secs)
[2018.12.21-14.14.26:416][  0]Cmd: MAP CHECKDEP NOCLEARLOG
[2018.12.21-14.14.26:562][  0]MapCheck: Map check complete: 0 Error(s), 0 Warning(s), took 145.806ms to complete.
[2018.12.21-14.14.26:562][  0]LogFileHelpers: Loading map 'MainMenu' took 6.346
[2018.12.21-14.14.31:232][  0]LogTemp: Executing iPhonePackager certificates Engine -bundlename com.YourCompany.SnowedOut
[2018.12.21-14.14.31:232][  0]LogTemp: CWD: C:\Program Files\Epic Games\UE_4.20\Engine\Binaries\DotNET\IOS
[2018.12.21-14.14.31:232][  0]LogTemp: Initial Dir: C:\Program Files\Epic Games\UE_4.20
[2018.12.21-14.14.31:232][  0]LogTemp: Env CWD: C:\Program Files\Epic Games\UE_4.20\Engine\Binaries\DotNET\IOS
[2018.12.21-14.14.31:232][  0]LogTemp: BranchPath = WTH-CGDA-07/C/Program Files/Epic Games/UE_4.20/Engine/Binaries --- GameBranchPath = WTH-CGDA-07/C/Program Files/Epic Games/UE_4.20/Engine/Binaries
[2018.12.21-14.14.31:232][  0]LogTemp: IPP ERROR: Could not find provision directory 'C:\Users\CGDA 11\AppData\Local/Apple Computer/MobileDevice/Provisioning Profiles/'.
[2018.12.21-14.14.31:232][  0]LogSlate: Only BGRA pngs, bmps or icos are supported in by External Image Picker
[2018.12.21-14.14.32:139][  0]LogSlate: Updating window title bar state: overlay mode, drag disabled, window buttons hidden, title bar hidden
[2018.12.21-14.14.32:151][  0]LogSlate: Updating window title bar state: overlay mode, drag disabled, window buttons hidden, title bar hidden
[2018.12.21-14.14.32:163][  0]LogSlate: Updating window title bar state: overlay mode, drag disabled, window buttons hidden, title bar hidden
[2018.12.21-14.14.32:176][  0]LogSlate: Updating window title bar state: overlay mode, drag disabled, window buttons hidden, title bar hidden
[2018.12.21-14.14.32:393][  0]LogCollectionManager: Loaded 0 collections in 0.003398 seconds
[2018.12.21-14.14.32:748][  0]LogFileCache: Scanning file cache for directory 'C:/Users/CGDA 11/Documents/Unreal Projects/SnowedOut/Saved/Collections/' took 0.01s
[2018.12.21-14.14.32:748][  0]LogFileCache: Scanning file cache for directory 'C:/Users/CGDA 11/Documents/Unreal Projects/SnowedOut/Content/Developers/CGDA11/Collections/' took 0.01s
[2018.12.21-14.14.32:748][  0]LogFileCache: Scanning file cache for directory 'C:/Users/CGDA 11/Documents/Unreal Projects/SnowedOut/Content/Collections/' took 0.01s
[2018.12.21-14.14.32:748][  0]LogCollectionManager: Rebuilt the GUID cache for 0 collections in 0.000000 seconds
[2018.12.21-14.14.32:774][  0]LogContentBrowser: Native class hierarchy populated in 0.0261 seconds. Added 2586 classes and 609 folders.
[2018.12.21-14.14.32:926][  0]LogContentBrowser: Native class hierarchy updated for 'WidgetCarousel' in 0.0004 seconds. Added 0 classes and 0 folders.
[2018.12.21-14.14.37:571][  0]LogContentBrowser: Native class hierarchy updated for 'AddContentDialog' in 0.0004 seconds. Added 0 classes and 0 folders.
[2018.12.21-14.14.37:629][  0]LogContentBrowser: Native class hierarchy updated for 'SceneOutliner' in 0.0004 seconds. Added 1 classes and 2 folders.
[2018.12.21-14.14.37:958][  0]LogContentBrowser: Native class hierarchy updated for 'HierarchicalLODOutliner' in 0.0004 seconds. Added 0 classes and 0 folders.
[2018.12.21-14.14.37:958][  0]LogLoad: (Engine Initialization) Total time: 114.47 seconds
[2018.12.21-14.14.37:958][  0]LogLoad: (Engine Initialization) Total Blueprint compile time: 0.00 seconds
[2018.12.21-14.14.37:968][  0]LogWindowsTextInputMethodSystem: Display: IME system now deactivated.
[2018.12.21-14.14.38:149][  0]LogContentStreaming: Texture pool size now 1000 MB
[2018.12.21-14.14.38:158][  0]LogSlate: Took 0.005851 seconds to synchronously load lazily loaded font '../../../Engine/Content/Slate/Fonts/Roboto-Regular.ttf' (155K)
[2018.12.21-14.14.38:164][  0]LogSlate: Took 0.004657 seconds to synchronously load lazily loaded font '../../../Engine/Content/Slate/Fonts/Roboto-Bold.ttf' (160K)
[2018.12.21-14.14.38:270][  0]LogRenderer: Reallocating scene render targets to support 64x64 Format 10 NumSamples 1 (Frame:1).
[2018.12.21-14.14.38:270][  0]LogSlate: Took 0.096972 seconds to synchronously load lazily loaded font '../../../Engine/Content/Editor/Slate/Fonts/FontAwesome.ttf' (139K)
[2018.12.21-14.14.38:646][  0]LogRenderer: Reallocating scene render targets to support 804x372 Format 10 NumSamples 1 (Frame:1).
[2018.12.21-14.14.38:646][  0]LogSlate: Took 0.072730 seconds to synchronously load lazily loaded font '../../../Engine/Content/Slate/Fonts/Roboto-Light.ttf' (167K)
[2018.12.21-14.14.38:736][  1]LogSubstanceLiveLink: Warning: Unable to send data along socket, closing connection
[2018.12.21-14.14.38:977][  3]LogAssetRegistry: Asset discovery search completed in 68.7935 seconds
[2018.12.21-14.14.38:980][  3]LogCollectionManager: Rebuilt the object cache for 0 collections in 0.000000 seconds (found 0 objects)
[2018.12.21-14.14.38:980][  3]LogCollectionManager: Fixed up redirectors for 0 collections in 0.000067 seconds (updated 0 objects)
[2018.12.21-14.14.48:796][109]LogSlate: FSceneViewport::OnFocusLost() reason 0
[2018.12.21-14.14.48:993][119]LogRenderer: Reallocating scene render targets to support 1208x596 Format 10 NumSamples 1 (Frame:1109).
[2018.12.21-14.14.52:675][518]LogTemp: Repeating last play command: Selected Viewport
[2018.12.21-14.14.52:702][518]LogBlueprintUserMessages: Early PlayInEditor Detection: Level '/Game/StarterContent/Maps/MainMenu.MainMenu:PersistentLevel' has LevelScriptBlueprint '/Game/StarterContent/Maps/MainMenu.MainMenu:PersistentLevel.MainMenu' with GeneratedClass '/Game/StarterContent/Maps/MainMenu.MainMenu_C' with ClassGeneratedBy '/Game/StarterContent/Maps/MainMenu.MainMenu:PersistentLevel.MainMenu'
[2018.12.21-14.14.52:702][518]LogPlayLevel: PlayLevel: No blueprints needed recompiling
[2018.12.21-14.14.52:739][518]PIE: New page: PIE session: MainMenu (Dec 21, 2018, 4:14:52 AM)
[2018.12.21-14.14.53:452][518]LogLinker: Warning: Can't find file '/Game/Blueprints/Actor/Items/BP_Snare'
[2018.12.21-14.14.53:452][518]LogLinker: Warning: Can't find file for asset '/Game/Blueprints/Actor/Items/BP_Snare' while loading ../../../../../../Users/CGDA 11/Documents/Unreal Projects/SnowedOut/Content/Blueprints/UI/Inventory/Wgt_InventoryMain.uasset.
[2018.12.21-14.14.53:452][518]LoadErrors: Error: /Game/Blueprints/UI/Inventory/Wgt_InventoryMain : Can't find file for asset. /Game/Blueprints/Actor/Items/BP_Snare
[2018.12.21-14.14.53:462][518]LogLinker: Warning: Can't find file '/Game/Blueprints/Actor/Items/BP_Snare'
[2018.12.21-14.14.53:463][518]LogLinker: Warning: Can't find file for asset '/Game/Blueprints/Actor/Items/BP_Snare' while loading ../../../../../../Users/CGDA 11/Documents/Unreal Projects/SnowedOut/Content/Blueprints/UI/Inventory/Wgt_InventoryMain.uasset.
[2018.12.21-14.14.53:471][518]LogLinker: Warning: Can't find file '/Game/Blueprints/Actor/Items/BP_Snare'
[2018.12.21-14.14.53:471][518]LogLinker: Warning: Can't find file for asset '/Game/Blueprints/Actor/Items/BP_Snare' while loading ../../../../../../Users/CGDA 11/Documents/Unreal Projects/SnowedOut/Content/Blueprints/UI/Crafting/Wgt_CraftMain.uasset.
[2018.12.21-14.14.53:472][518]LoadErrors: Error: /Game/Blueprints/UI/Crafting/Wgt_CraftMain : Can't find file for asset. /Game/Blueprints/Actor/Items/BP_Snare
[2018.12.21-14.14.53:472][518]LogLinker: Warning: Can't find file '/Game/Blueprints/Actor/Items/BP_Snare'
[2018.12.21-14.14.53:472][518]LogLinker: Warning: Can't find file for asset '/Game/Blueprints/Actor/Items/BP_Snare' while loading ../../../../../../Users/CGDA 11/Documents/Unreal Projects/SnowedOut/Content/Blueprints/UI/Crafting/Wgt_CraftMain.uasset.
[2018.12.21-14.14.53:493][518]LogLinker: Warning: Can't find file '/Game/Blueprints/Actor/Items/BP_Snare'
[2018.12.21-14.14.53:494][518]LogLinker: Warning: Can't find file for asset '/Game/Blueprints/Actor/Items/BP_Snare' while loading ../../../../../../Users/CGDA 11/Documents/Unreal Projects/SnowedOut/Content/Blueprints/UI/Crafting/Wgt_CraftMain.uasset.
[2018.12.21-14.14.53:513][518]LogLinker: Warning: Can't find file '/Game/Blueprints/Actor/Items/BP_Snare'
[2018.12.21-14.14.53:513][518]LoadErrors: Failed to load /Game/Blueprints/Actor/Items/BP_Snare.BP_Snare_C Referenced by K2Node_SpawnActorFromClass_10
[2018.12.21-14.14.53:514][518]LogLinker: Warning: Can't find file for asset '/Game/Blueprints/Actor/Items/BP_Snare' while loading ../../../../../../Users/CGDA 11/Documents/Unreal Projects/SnowedOut/Content/Blueprints/UI/Crafting/Wgt_CraftMain.uasset.
[2018.12.21-14.14.53:514][518]LogLinker: Warning: Can't find file '/Game/Blueprints/Actor/Items/BP_Snare'
[2018.12.21-14.14.53:514][518]LogLinker: Warning: Can't find file for asset '/Game/Blueprints/Actor/Items/BP_Snare' while loading ../../../../../../Users/CGDA 11/Documents/Unreal Projects/SnowedOut/Content/Blueprints/UI/Crafting/Wgt_CraftMain.uasset.
[2018.12.21-14.14.53:881][518]LogBlueprint: Error: [Compiler Wgt_InventoryMain] Spawn node  SpawnActor NONE  must have a  Class  specified.
[2018.12.21-14.14.53:887][518]LogBlueprint: Warning: [Compiler Wgt_InventoryMain] Input pin  Instigator  specifying non-default value no longer exists on node  SpawnActor NONE . Please refresh node or reset pin to default value to remove pin.
[2018.12.21-14.14.54:000][518]LogBlueprint: Warning: [Compiler Wgt_InventoryMain] [0130.52] Compile of Wgt_InventoryMain failed. 1 Fatal Issue(s) 1 Warning(s) [in 402 ms] (/Game/Blueprints/UI/Inventory/Wgt_InventoryMain.Wgt_InventoryMain)
[2018.12.21-14.14.54:451][518]LogPlayLevel: Creating play world package: /Game/StarterContent/Maps/UEDPIE_0_MainMenu
[2018.12.21-14.14.54:459][518]LogPlayLevel: PIE: StaticDuplicateObject took: (0.007313s)
[2018.12.21-14.14.54:460][518]LogAIModule: Creating AISystem for world MainMenu
[2018.12.21-14.14.54:460][518]LogPlayLevel: PIE: World Init took: (0.001056s)
[2018.12.21-14.14.54:460][518]LogPlayLevel: PIE: Created PIE world by copying editor world from /Game/StarterContent/Maps/MainMenu.MainMenu to /Game/StarterContent/Maps/UEDPIE_0_MainMenu.MainMenu (0.008634s)
[2018.12.21-14.14.54:508][518]LogInit: XAudio2 using 'Speakers (High Definition Audio Device)' : 2 channels at 44.1 kHz using 16 bits per sample (channel mask 0x3)
[2018.12.21-14.14.54:522][518]LogInit: FAudioDevice initialized.
[2018.12.21-14.14.55:164][518]LogLoad: Game class is 'MyGameMode_C'
[2018.12.21-14.14.55:171][518]LogWorld: Bringing World /Game/StarterContent/Maps/UEDPIE_0_MainMenu.MainMenu up for play (max tick rate 0) at 2018.12.21-09.14.55
[2018.12.21-14.14.55:172][518]LogWorld: Bringing up level for play took: 0.005438
[2018.12.21-14.14.55:304][518]LogContentBrowser: Native class hierarchy updated for 'MovieSceneCapture' in 0.0005 seconds. Added 10 classes and 0 folders.
[2018.12.21-14.14.55:306][518]LogScript: Warning: Script Msg: Attempted to access index 0 from array 'CallFunc_GetAllActorsOfClass_OutActors' of length 0 in '/Game/Blueprints/CharacterBP/MyGameMode.MyGameMode_C:ExecuteUbergraph_MyGameMode'!
[2018.12.21-14.14.55:308][518]PIE: Play in editor start time for /Game/StarterContent/Maps/UEDPIE_0_MainMenu 1.917
[2018.12.21-14.14.55:309][518]LogBlueprintUserMessages: Late PlayInEditor Detection: Level '/Game/StarterContent/Maps/MainMenu.MainMenu:PersistentLevel' has LevelScriptBlueprint '/Game/StarterContent/Maps/MainMenu.MainMenu:PersistentLevel.MainMenu' with GeneratedClass '/Game/StarterContent/Maps/MainMenu.MainMenu_C' with ClassGeneratedBy '/Game/StarterContent/Maps/MainMenu.MainMenu:PersistentLevel.MainMenu'
[2018.12.21-14.14.56:532][653]LogSlate: FSceneViewport::OnFocusLost() reason 0
[2018.12.21-14.14.56:637][664]LogNet: Browse: /Game/StarterContent/Maps/Better_Campsite
[2018.12.21-14.14.56:653][664]LogLoad: LoadMap: /Game/StarterContent/Maps/Better_Campsite
[2018.12.21-14.15.22:698][664]LogAIModule: Creating AISystem for world Better_Campsite
[2018.12.21-14.15.22:698][664]LogLoad: Game class is 'MyGameMode_C'
[2018.12.21-14.15.22:946][664]LogWorld: Bringing World /Game/StarterContent/Maps/UEDPIE_0_Better_Campsite.Better_Campsite up for play (max tick rate 0) at 2018.12.21-09.15.22
[2018.12.21-14.15.22:950][664]LogWorld: Bringing up level for play took: 0.250413
[2018.12.21-14.15.22:966][664]LogLoad: Took 26.313953 seconds to LoadMap(/Game/StarterContent/Maps/Better_Campsite)
[2018.12.21-14.15.23:206][664]LogSlate: Window 'SnowedOut - Unreal Editor' being destroyed
[2018.12.21-14.15.23:208][664]LogWindowsTextInputMethodSystem: Display: IME system now deactivated.
[2018.12.21-14.15.23:326][664]LogBlueprintUserMessages: Early EndPlayMap Detection: Level '/Game/StarterContent/Maps/MainMenu.MainMenu:PersistentLevel' has LevelScriptBlueprint '/Game/StarterContent/Maps/MainMenu.MainMenu:PersistentLevel.MainMenu' with GeneratedClass '/Game/StarterContent/Maps/MainMenu.MainMenu_C' with ClassGeneratedBy '/Game/StarterContent/Maps/MainMenu.MainMenu:PersistentLevel.MainMenu'
[2018.12.21-14.15.23:327][664]LogSlate: Updating window title bar state: overlay mode, drag disabled, window buttons hidden, title bar hidden
[2018.12.21-14.15.23:370][664]LogPlayLevel: Display: Shutting down PIE online subsystems
[2018.12.21-14.15.23:370][664]LogBlueprintUserMessages: Late EndPlayMap Detection: Level '/Game/StarterContent/Maps/MainMenu.MainMenu:PersistentLevel' has LevelScriptBlueprint '/Game/StarterContent/Maps/MainMenu.MainMenu:PersistentLevel.MainMenu' with GeneratedClass '/Game/StarterContent/Maps/MainMenu.MainMenu_C' with ClassGeneratedBy '/Game/StarterContent/Maps/MainMenu.MainMenu:PersistentLevel.MainMenu'
[2018.12.21-14.15.23:412][664]LogSlate: Updating window title bar state: overlay mode, drag disabled, window buttons hidden, title bar hidden
[2018.12.21-14.15.23:543][665]Cmd: QUIT_EDITOR
[2018.12.21-14.15.23:906][665]LogExit: Preparing to exit.
[2018.12.21-14.15.24:221][665]LogExit: Editor shut down
[2018.12.21-14.15.24:222][665]LogExit: Transaction tracking system shut down
[2018.12.21-14.15.24:795][665]LogExit: Object subsystem successfully closed.
[2018.12.21-14.15.24:919][665]LogShaderCompilers: Display: Shaders left to compile 0
[2018.12.21-14.15.24:925][665]LogD3D11RHI: Shutdown
[2018.12.21-14.15.24:925][665]LogD3D11RHI: CleanupD3DDevice
[2018.12.21-14.15.24:928][665]LogD3D11RHI: ~FD3D11DynamicRHI
[2018.12.21-14.15.25:003][665]LogModuleManager: Shutting down and abandoning module MovieSceneCapture (624)
[2018.12.21-14.15.25:003][665]LogModuleManager: Shutting down and abandoning module Voice (622)
[2018.12.21-14.15.25:003][665]LogModuleManager: Shutting down and abandoning module HierarchicalLODOutliner (620)
[2018.12.21-14.15.25:003][665]LogModuleManager: Shutting down and abandoning module SceneOutliner (618)
[2018.12.21-14.15.25:003][665]LogModuleManager: Shutting down and abandoning module AddContentDialog (616)
[2018.12.21-14.15.25:017][665]LogModuleManager: Shutting down and abandoning module WidgetCarousel (615)
[2018.12.21-14.15.25:017][665]LogModuleManager: Shutting down and abandoning module EditorWidgets (612)
[2018.12.21-14.15.25:017][665]LogModuleManager: Shutting down and abandoning module CollectionManager (610)
[2018.12.21-14.15.25:017][665]LogModuleManager: Shutting down and abandoning module ExternalImagePicker (608)
[2018.12.21-14.15.25:017][665]LogModuleManager: Shutting down and abandoning module StatsViewer (606)
[2018.12.21-14.15.25:017][665]LogModuleManager: Shutting down and abandoning module FoliageEdit (604)
[2018.12.21-14.15.25:017][665]LogModuleManager: Shutting down and abandoning module LandscapeEditor (602)
[2018.12.21-14.15.25:018][665]LogModuleManager: Shutting down and abandoning module MeshPaintMode (600)
[2018.12.21-14.15.25:018][665]LogModuleManager: Shutting down and abandoning module SceneDepthPickerMode (598)
[2018.12.21-14.15.25:018][665]LogModuleManager: Shutting down and abandoning module ActorPickerMode (596)
[2018.12.21-14.15.25:018][665]LogModuleManager: Shutting down and abandoning module GeometryMode (594)
[2018.12.21-14.15.25:018][665]LogModuleManager: Shutting down and abandoning module TextureAlignMode (592)
[2018.12.21-14.15.25:018][665]LogModuleManager: Shutting down and abandoning module BspMode (590)
[2018.12.21-14.15.25:018][665]LogModuleManager: Shutting down and abandoning module PIEPreviewDeviceProfileSelector (588)
[2018.12.21-14.15.25:018][665]LogModuleManager: Shutting down and abandoning module SequenceRecorderSections (586)
[2018.12.21-14.15.25:018][665]LogModuleManager: Shutting down and abandoning module AutomationWorker (584)
[2018.12.21-14.15.25:018][665]LogModuleManager: Shutting down and abandoning module AudioCaptureEditor (582)
[2018.12.21-14.15.25:018][665]LogModuleManager: Shutting down and abandoning module SequenceRecorder (581)
[2018.12.21-14.15.25:018][665]LogModuleManager: Shutting down and abandoning module MatineeToLevelSequence (578)
[2018.12.21-14.15.25:018][665]LogModuleManager: Shutting down and abandoning module LevelSequenceEditor (576)
[2018.12.21-14.15.25:019][665]LogModuleManager: Shutting down and abandoning module PlacementMode (575)
[2018.12.21-14.15.25:019][665]LogModuleManager: Shutting down and abandoning module MaterialEditor (574)
[2018.12.21-14.15.25:019][665]LogModuleManager: Shutting down and abandoning module WmfMediaFactory (570)
[2018.12.21-14.15.25:019][665]LogModuleManager: Shutting down and abandoning module WmfMediaEditor (568)
[2018.12.21-14.15.25:019][665]LogModuleManager: Shutting down and abandoning module MediaPlayerEditor (566)
[2018.12.21-14.15.25:019][665]LogModuleManager: Shutting down and abandoning module OpenExrWrapper (564)
[2018.12.21-14.15.25:019][665]LogModuleManager: Shutting down and abandoning module ImgMediaFactory (562)
[2018.12.21-14.15.25:019][665]LogModuleManager: Shutting down and abandoning module ImgMediaEditor (560)
[2018.12.21-14.15.25:020][665]LogModuleManager: Shutting down and abandoning module AvfMediaFactory (558)
[2018.12.21-14.15.25:020][665]LogModuleManager: Shutting down and abandoning module AvfMediaEditor (556)
[2018.12.21-14.15.25:020][665]LogModuleManager: Shutting down and abandoning module AndroidMediaFactory (554)
[2018.12.21-14.15.25:020][665]LogModuleManager: Shutting down and abandoning module AndroidMediaEditor (552)
[2018.12.21-14.15.25:020][665]LogModuleManager: Shutting down and abandoning module MagicLeapCameraPreviewFactory (550)
[2018.12.21-14.15.25:020][665]LogModuleManager: Shutting down and abandoning module MagicLeapMediaFactory (548)
[2018.12.21-14.15.25:020][665]LogModuleManager: Shutting down and abandoning module MagicLeapMediaEditor (546)
[2018.12.21-14.15.25:020][665]LogModuleManager: Shutting down and abandoning module CharacterAI (544)
[2018.12.21-14.15.25:020][665]LogModuleManager: Shutting down and abandoning module SmartSnapping (542)
[2018.12.21-14.15.25:020][665]LogModuleManager: Shutting down and abandoning module SessionServices (540)
[2018.12.21-14.15.25:020][665]LogModuleManager: Shutting down and abandoning module ViewportSnapping (538)
[2018.12.21-14.15.25:020][665]LogModuleManager: Shutting down and abandoning module ViewportInteraction (536)
[2018.12.21-14.15.25:020][665]LogModuleManager: Shutting down and abandoning module ClothPainter (534)
[2018.12.21-14.15.25:020][665]LogModuleManager: Shutting down and abandoning module SkeletalMeshEditor (533)
[2018.12.21-14.15.25:020][665]LogModuleManager: Shutting down and abandoning module LogVisualizer (530)
[2018.12.21-14.15.25:020][665]LogModuleManager: Shutting down and abandoning module IntroTutorials (528)
[2018.12.21-14.15.25:020][665]LogModuleManager: Shutting down and abandoning module GameProjectGeneration (527)
[2018.12.21-14.15.25:021][665]LogModuleManager: Shutting down and abandoning module LuminPlatformEditor (524)
[2018.12.21-14.15.25:021][665]LogModuleManager: Shutting down and abandoning module IOSPlatformEditor (522)
[2018.12.21-14.15.25:021][665]LogModuleManager: Shutting down and abandoning module HTML5PlatformEditor (520)
[2018.12.21-14.15.25:021][665]LogModuleManager: Shutting down and abandoning module AndroidPlatformEditor (518)
[2018.12.21-14.15.25:021][665]LogModuleManager: Shutting down and abandoning module AndroidDeviceDetection (517)
[2018.12.21-14.15.25:640][665]LogModuleManager: Shutting down and abandoning module WindowsPlatformEditor (514)
[2018.12.21-14.15.25:641][665]LogModuleManager: Shutting down and abandoning module LuminRuntimeSettings (512)
[2018.12.21-14.15.25:641][665]LogModuleManager: Shutting down and abandoning module IOSRuntimeSettings (510)
[2018.12.21-14.15.25:641][665]LogModuleManager: Shutting down and abandoning module AndroidRuntimeSettings (508)
[2018.12.21-14.15.25:641][665]LogModuleManager: Shutting down and abandoning module InputBindingEditor (506)
[2018.12.21-14.15.25:641][665]LogModuleManager: Shutting down and abandoning module MergeActors (504)
[2018.12.21-14.15.25:641][665]LogModuleManager: Shutting down and abandoning module LocalizationDashboard (502)
[2018.12.21-14.15.25:641][665]LogModuleManager: Shutting down and abandoning module LocalizationService (501)
[2018.12.21-14.15.25:641][665]LogModuleManager: Shutting down and abandoning module HardwareTargeting (498)
[2018.12.21-14.15.25:641][665]LogModuleManager: Shutting down and abandoning module DeviceProfileEditor (496)
[2018.12.21-14.15.25:641][665]LogModuleManager: Shutting down and abandoning module UndoHistory (494)
[2018.12.21-14.15.25:641][665]LogModuleManager: Shutting down and abandoning module XmlParser (492)
[2018.12.21-14.15.25:641][665]LogModuleManager: Shutting down and abandoning module Blutility (490)
[2018.12.21-14.15.25:641][665]LogModuleManager: Shutting down and abandoning module ProjectSettingsViewer (488)
[2018.12.21-14.15.25:641][665]LogModuleManager: Shutting down and abandoning module ProjectTargetPlatformEditor (487)
[2018.12.21-14.15.25:641][665]LogModuleManager: Shutting down and abandoning module EditorSettingsViewer (484)
[2018.12.21-14.15.25:641][665]LogModuleManager: Shutting down and abandoning module SettingsEditor (482)
[2018.12.21-14.15.25:641][665]LogModuleManager: Shutting down and abandoning module ProjectLauncher (480)
[2018.12.21-14.15.25:641][665]LogModuleManager: Shutting down and abandoning module SessionFrontend (478)
[2018.12.21-14.15.25:641][665]LogModuleManager: Shutting down and abandoning module ProfilerClient (476)
[2018.12.21-14.15.25:642][665]LogModuleManager: Shutting down and abandoning module DeviceManager (474)
[2018.12.21-14.15.25:642][665]LogModuleManager: Shutting down and abandoning module TargetDeviceServices (473)
[2018.12.21-14.15.25:708][665]LogModuleManager: Shutting down and abandoning module AutomationController (470)
[2018.12.21-14.15.25:708][665]LogModuleManager: Shutting down and abandoning module AutomationWindow (468)
[2018.12.21-14.15.25:708][665]LogModuleManager: Shutting down and abandoning module Layers (466)
[2018.12.21-14.15.25:708][665]LogModuleManager: Shutting down and abandoning module ComponentVisualizers (464)
[2018.12.21-14.15.25:708][665]LogModuleManager: Shutting down and abandoning module DetailCustomizations (462)
[2018.12.21-14.15.25:708][665]LogModuleManager: Shutting down and abandoning module PackagesDialog (460)
[2018.12.21-14.15.25:708][665]LogModuleManager: Shutting down and abandoning module Persona (458)
[2018.12.21-14.15.25:708][665]LogModuleManager: Shutting down and abandoning module AdvancedPreviewScene (457)
[2018.12.21-14.15.25:708][665]LogModuleManager: Shutting down and abandoning module AnimGraph (455)
[2018.12.21-14.15.25:708][665]LogModuleManager: Shutting down and abandoning module Kismet (452)
[2018.12.21-14.15.25:710][665]LogModuleManager: Shutting down and abandoning module GraphEditor (450)
[2018.12.21-14.15.25:710][665]LogModuleManager: Shutting down and abandoning module ClassViewer (448)
[2018.12.21-14.15.25:710][665]LogModuleManager: Shutting down and abandoning module Toolbox (446)
[2018.12.21-14.15.25:710][665]LogModuleManager: Shutting down and abandoning module ModuleUI (444)
[2018.12.21-14.15.25:710][665]LogModuleManager: Shutting down and abandoning module MovieSceneTools (442)
[2018.12.21-14.15.25:710][665]LogModuleManager: Shutting down and abandoning module OutputLog (440)
[2018.12.21-14.15.25:710][665]LogModuleManager: Shutting down and abandoning module GammaUI (438)
[2018.12.21-14.15.25:710][665]LogModuleManager: Shutting down and abandoning module Documentation (436)
[2018.12.21-14.15.25:710][665]LogModuleManager: Shutting down and abandoning module MovieSceneTracks (434)
[2018.12.21-14.15.25:710][665]LogModuleManager: Shutting down and abandoning module MovieScene (432)
[2018.12.21-14.15.25:710][665]LogModuleManager: Shutting down and abandoning module StreamingPauseRendering (430)
[2018.12.21-14.15.25:710][665]LogModuleManager: Shutting down and abandoning module LauncherPlatform (428)
[2018.12.21-14.15.25:711][665]LogModuleManager: Shutting down and abandoning module AnalyticsET (426)
[2018.12.21-14.15.25:711][665]LogModuleManager: Shutting down and abandoning module PortalServices (424)
[2018.12.21-14.15.25:711][665]LogModuleManager: Shutting down and abandoning module PortalRpc (422)
[2018.12.21-14.15.25:711][665]LogModuleManager: Shutting down and abandoning module MessagingRpc (420)
[2018.12.21-14.15.25:711][665]LogModuleManager: Shutting down and abandoning module AIModule (418)
[2018.12.21-14.15.25:711][665]LogModuleManager: Shutting down and abandoning module GameplayDebugger (417)
[2018.12.21-14.15.25:711][665]LogModuleManager: Shutting down and abandoning module AITestSuite (415)
[2018.12.21-14.15.25:711][665]LogModuleManager: Shutting down and abandoning module NavigationSystem (413)
[2018.12.21-14.15.25:711][665]LogModuleManager: Shutting down and abandoning module DesktopPlatform (410)
[2018.12.21-14.15.25:711][665]LogModuleManager: Shutting down and abandoning module ProfilerService (408)
[2018.12.21-14.15.25:744][665]LogModuleManager: Shutting down and abandoning module TaskGraph (406)
[2018.12.21-14.15.25:745][665]LogModuleManager: Shutting down and abandoning module SubstanceLiveLink (404)
[2018.12.21-14.15.25:745][665]LogModuleManager: Shutting down and abandoning module SubstanceSource (402)
[2018.12.21-14.15.25:760][665]LogModuleManager: Shutting down and abandoning module SubstanceEditor (400)
[2018.12.21-14.15.25:760][665]LogModuleManager: Shutting down and abandoning module SteamVRController (398)
[2018.12.21-14.15.25:760][665]LogModuleManager: Shutting down and abandoning module ProceduralMeshComponentEditor (396)
[2018.12.21-14.15.25:760][665]LogModuleManager: Shutting down and abandoning module ProceduralMeshComponent (394)
[2018.12.21-14.15.25:760][665]LogModuleManager: Shutting down and abandoning module OculusInput (392)
[2018.12.21-14.15.25:760][665]LogModuleManager: Shutting down and abandoning module MobilePatchingUtils (390)
[2018.12.21-14.15.25:760][665]LogModuleManager: Shutting down and abandoning module EditableMesh (388)
[2018.12.21-14.15.25:760][665]LogModuleManager: Shutting down and abandoning module CustomMeshComponent (386)
[2018.12.21-14.15.25:760][665]LogModuleManager: Shutting down and abandoning module CableComponent (384)
[2018.12.21-14.15.25:760][665]LogModuleManager: Shutting down and abandoning module AudioCapture (382)
[2018.12.21-14.15.25:760][665]LogModuleManager: Shutting down and abandoning module ArchVisCharacter (380)
[2018.12.21-14.15.25:760][665]LogModuleManager: Shutting down and abandoning module AndroidPermission (378)
[2018.12.21-14.15.25:760][665]LogModuleManager: Shutting down and abandoning module NUTUnrealEngine4 (376)
[2018.12.21-14.15.25:760][665]LogModuleManager: Shutting down and abandoning module NetcodeUnitTest (374)
[2018.12.21-14.15.25:760][665]LogModuleManager: Shutting down and abandoning module MediaCompositingEditor (372)
[2018.12.21-14.15.25:760][665]LogModuleManager: Shutting down and abandoning module MediaCompositing (370)
[2018.12.21-14.15.25:760][665]LogModuleManager: Shutting down and abandoning module LinearTimecode (368)
[2018.12.21-14.15.25:760][665]LogModuleManager: Shutting down and abandoning module ImgMedia (366)
[2018.12.21-14.15.25:765][665]LogModuleManager: Shutting down and abandoning module HTML5Networking (364)
[2018.12.21-14.15.25:765][665]LogModuleManager: Shutting down and abandoning module GeometryCacheTracks (362)
[2018.12.21-14.15.25:765][665]LogModuleManager: Shutting down and abandoning module GeometryCacheSequencer (360)
[2018.12.21-14.15.25:765][665]LogModuleManager: Shutting down and abandoning module BackChannel (358)
[2018.12.21-14.15.25:765][665]LogModuleManager: Shutting down and abandoning module AppleVision (356)
[2018.12.21-14.15.25:765][665]LogModuleManager: Shutting down and abandoning module AppleImageUtils (354)
[2018.12.21-14.15.25:765][665]LogModuleManager: Shutting down and abandoning module AlembicImporter (352)
[2018.12.21-14.15.25:765][665]LogModuleManager: Shutting down and abandoning module AlembicLibrary (351)
[2018.12.21-14.15.25:765][665]LogModuleManager: Shutting down and abandoning module GeometryCache (350)
[2018.12.21-14.15.25:765][665]LogModuleManager: Shutting down and abandoning module GeometryCacheEd (349)
[2018.12.21-14.15.25:765][665]LogModuleManager: Shutting down and abandoning module DatasmithContentEditor (344)
[2018.12.21-14.15.25:765][665]LogModuleManager: Shutting down and abandoning module DatasmithContent (342)
[2018.12.21-14.15.25:766][665]LogModuleManager: Shutting down and abandoning module SpeedTreeImporter (340)
[2018.12.21-14.15.25:766][665]LogModuleManager: Shutting down and abandoning module PluginBrowser (338)
[2018.12.21-14.15.25:766][665]LogModuleManager: Shutting down and abandoning module MobileLauncherProfileWizard (336)
[2018.12.21-14.15.25:766][665]LogModuleManager: Shutting down and abandoning module PolygonModeling (334)
[2018.12.21-14.15.25:766][665]LogModuleManager: Shutting down and abandoning module MeshEditor (332)
[2018.12.21-14.15.25:766][665]LogModuleManager: Shutting down and abandoning module CryptoKeysOpenSSL (330)
[2018.12.21-14.15.25:766][665]LogModuleManager: Shutting down and abandoning module CryptoKeys (328)
[2018.12.21-14.15.25:766][665]LogModuleManager: Shutting down and abandoning module VisualStudioSourceCodeAccess (326)
[2018.12.21-14.15.25:766][665]LogModuleManager: Shutting down and abandoning module VisualStudioCodeSourceCodeAccess (324)
[2018.12.21-14.15.25:766][665]LogModuleManager: Shutting down and abandoning module UObjectPlugin (322)
[2018.12.21-14.15.25:766][665]LogModuleManager: Shutting down and abandoning module SubversionSourceControl (320)
[2018.12.21-14.15.25:766][665]LogModuleManager: Shutting down and abandoning module PerforceSourceControl (318)
[2018.12.21-14.15.25:766][665]LogModuleManager: Shutting down and abandoning module GitSourceControl (316)
[2018.12.21-14.15.25:766][665]LogModuleManager: Shutting down and abandoning module SourceControl (315)
[2018.12.21-14.15.25:766][665]LogModuleManager: Shutting down and abandoning module CLionSourceCodeAccess (312)
[2018.12.21-14.15.25:766][665]LogModuleManager: Shutting down and abandoning module LightPropagationVolumeEditor (310)
[2018.12.21-14.15.25:766][665]LogModuleManager: Shutting down and abandoning module PaperTiledImporter (308)
[2018.12.21-14.15.25:766][665]LogModuleManager: Shutting down and abandoning module PaperSpriteSheetImporter (306)
[2018.12.21-14.15.25:766][665]LogModuleManager: Shutting down and abandoning module Paper2DEditor (304)
[2018.12.21-14.15.25:767][665]LogModuleManager: Shutting down and abandoning module MeshPaint (303)
[2018.12.21-14.15.25:767][665]LogModuleManager: Shutting down and abandoning module RuntimePhysXCooking (300)
[2018.12.21-14.15.25:767][665]LogModuleManager: Shutting down and abandoning module PhysXVehiclesEditor (298)
[2018.12.21-14.15.25:767][665]LogModuleManager: Shutting down and abandoning module PhysXVehicles (296)
[2018.12.21-14.15.25:767][665]LogModuleManager: Shutting down and abandoning module OculusEditor (294)
[2018.12.21-14.15.25:767][665]LogModuleManager: Shutting down and abandoning module LocationServicesBPLibrary (292)
[2018.12.21-14.15.25:767][665]LogModuleManager: Shutting down and abandoning module ImmediatePhysicsEditor (290)
[2018.12.21-14.15.25:767][665]LogModuleManager: Shutting down and abandoning module ImmediatePhysics (288)
[2018.12.21-14.15.25:767][665]LogModuleManager: Shutting down and abandoning module ActorSequence (286)
[2018.12.21-14.15.25:767][665]LogModuleManager: Shutting down and abandoning module UdpMessaging (284)
[2018.12.21-14.15.25:868][665]LogModuleManager: Shutting down and abandoning module TcpMessaging (282)
[2018.12.21-14.15.25:969][665]LogModuleManager: Shutting down and abandoning module SubstanceCore (280)
[2018.12.21-14.15.25:985][665]LogModuleManager: Shutting down and abandoning module MagicLeapAudio (278)
[2018.12.21-14.15.25:986][665]LogModuleManager: Shutting down and abandoning module GameplayTagsEditor (276)
[2018.12.21-14.15.25:986][665]LogModuleManager: Shutting down and abandoning module FacialAnimationEditor (274)
[2018.12.21-14.15.25:986][665]LogModuleManager: Shutting down and abandoning module FacialAnimation (272)
[2018.12.21-14.15.25:986][665]LogModuleManager: Shutting down and abandoning module DataValidation (270)
[2018.12.21-14.15.25:986][665]LogModuleManager: Shutting down and abandoning module AssetManagerEditor (268)
[2018.12.21-14.15.25:986][665]LogModuleManager: Shutting down and abandoning module LevelEditor (267)
[2018.12.21-14.15.25:987][665]LogModuleManager: Shutting down and abandoning module PixelInspectorModule (266)
[2018.12.21-14.15.25:987][665]LogModuleManager: Shutting down and abandoning module CommonMenuExtensions (264)
[2018.12.21-14.15.25:987][665]LogModuleManager: Shutting down and abandoning module MainFrame (262)
[2018.12.21-14.15.25:987][665]LogModuleManager: Shutting down and abandoning module HotReload (261)
[2018.12.21-14.15.25:988][665]LogModuleManager: Shutting down and abandoning module ContentBrowser (257)
[2018.12.21-14.15.25:989][665]LogModuleManager: Shutting down and abandoning module TreeMap (255)
[2018.12.21-14.15.25:989][665]LogModuleManager: Shutting down and abandoning module LightPropagationVolumeRuntime (252)
[2018.12.21-14.15.25:989][665]LogModuleManager: Shutting down and abandoning module AISupportModule (250)
[2018.12.21-14.15.25:989][665]LogModuleManager: Shutting down and abandoning module Paper2D (248)
[2018.12.21-14.15.25:989][665]LogModuleManager: Shutting down and abandoning module WindowsMoviePlayer (246)
[2018.12.21-14.15.25:989][665]LogModuleManager: Shutting down and abandoning module WmfMedia (244)
[2018.12.21-14.15.25:991][665]LogModuleManager: Shutting down and abandoning module Media (243)
[2018.12.21-14.15.25:997][665]LogModuleManager: Shutting down and abandoning module PacketHandler (240)
[2018.12.21-14.15.25:997][665]LogModuleManager: Shutting down and abandoning module ClothingSystemEditor (238)
[2018.12.21-14.15.25:997][665]LogModuleManager: Shutting down and abandoning module ClothingSystemRuntime (236)
[2018.12.21-14.15.25:997][665]LogModuleManager: Shutting down and abandoning module MediaAssets (234)
[2018.12.21-14.15.25:997][665]LogModuleManager: Shutting down and abandoning module Overlay (232)
[2018.12.21-14.15.25:997][665]LogModuleManager: Shutting down and abandoning module OverlayEditor (231)
[2018.12.21-14.15.25:997][665]LogModuleManager: Shutting down and abandoning module VREditor (228)
[2018.12.21-14.15.25:997][665]LogModuleManager: Shutting down and abandoning module StringTableEditor (226)
[2018.12.21-14.15.25:997][665]LogModuleManager: Shutting down and abandoning module GameplayTasksEditor (224)
[2018.12.21-14.15.25:997][665]LogModuleManager: Shutting down and abandoning module BehaviorTreeEditor (222)
[2018.12.21-14.15.25:997][665]LogModuleManager: Shutting down and abandoning module FunctionalTesting (220)
[2018.12.21-14.15.25:998][665]LogModuleManager: Shutting down and abandoning module CollisionAnalyzer (218)
[2018.12.21-14.15.25:998][665]LogModuleManager: Shutting down and abandoning module WorkspaceMenuStructure (217)
[2018.12.21-14.15.25:998][665]LogModuleManager: Shutting down and abandoning module UMG (214)
[2018.12.21-14.15.25:998][665]LogModuleManager: Shutting down and abandoning module UMGEditor (213)
[2018.12.21-14.15.25:998][665]LogModuleManager: Shutting down and abandoning module Sequencer (212)
[2018.12.21-14.15.25:998][665]LogModuleManager: Shutting down and abandoning module MessageLog (209)
[2018.12.21-14.15.25:998][665]LogModuleManager: Shutting down and abandoning module SlateReflector (204)
[2018.12.21-14.15.25:998][665]LogModuleManager: Shutting down and abandoning module Slate (202)
[2018.12.21-14.15.25:998][665]LogModuleManager: Shutting down and abandoning module EditorStyle (200)
[2018.12.21-14.15.26:000][665]LogModuleManager: Shutting down and abandoning module MRMesh (198)
[2018.12.21-14.15.26:000][665]LogModuleManager: Shutting down and abandoning module SourceCodeAccess (196)
[2018.12.21-14.15.26:000][665]LogModuleManager: Shutting down and abandoning module HeadMountedDisplay (194)
[2018.12.21-14.15.26:000][665]LogModuleManager: Shutting down and abandoning module XAudio2 (192)
[2018.12.21-14.15.26:000][665]LogModuleManager: Shutting down and abandoning module Networking (190)
[2018.12.21-14.15.26:000][665]LogModuleManager: Shutting down and abandoning module Core (188)
[2018.12.21-14.15.26:000][665]LogModuleManager: Shutting down and abandoning module LevelSequence (186)
[2018.12.21-14.15.26:000][665]LogModuleManager: Shutting down and abandoning module KismetCompiler (184)
[2018.12.21-14.15.26:001][665]LogModuleManager: Shutting down and abandoning module MeshUtilities (182)
[2018.12.21-14.15.26:001][665]LogModuleManager: Shutting down and abandoning module MeshMergeUtilities (181)
[2018.12.21-14.15.26:001][665]LogModuleManager: Shutting down and abandoning module MeshReductionInterface (180)
[2018.12.21-14.15.26:001][665]LogModuleManager: Shutting down and abandoning module SimplygonSwarm (179)
[2018.12.21-14.15.26:001][665]LogModuleManager: Shutting down and abandoning module ProxyLODMeshReduction (177)
[2018.12.21-14.15.26:001][665]LogModuleManager: Shutting down and abandoning module SimplygonMeshReduction (175)
[2018.12.21-14.15.26:001][665]LogModuleManager: Shutting down and abandoning module QuadricMeshReduction (173)
[2018.12.21-14.15.26:001][665]LogModuleManager: Shutting down and abandoning module MaterialBaking (169)
[2018.12.21-14.15.26:001][665]LogModuleManager: Shutting down and abandoning module DirectoryWatcher (165)
[2018.12.21-14.15.26:001][665]LogModuleManager: Shutting down and abandoning module DerivedDataCache (162)
[2018.12.21-14.15.26:149][665]LogDerivedDataCache: Shutdown
[2018.12.21-14.15.26:149][665]LogModuleManager: Shutting down and abandoning module XGEController (160)
[2018.12.21-14.15.26:149][665]LogXGEController: Cleaning working directory: C:/Users/CGDA 11/AppData/Local/Temp/UnrealXGEWorkingDir/
[2018.12.21-14.15.26:149][665]LogModuleManager: Shutting down and abandoning module TargetPlatform (158)
[2018.12.21-14.15.26:149][665]LogModuleManager: Shutting down and abandoning module VulkanShaderFormat (157)
[2018.12.21-14.15.26:149][665]LogModuleManager: Shutting down and abandoning module ShaderFormatVectorVM (155)
[2018.12.21-14.15.26:149][665]LogModuleManager: Shutting down and abandoning module ShaderFormatOpenGL (153)
[2018.12.21-14.15.26:149][665]LogModuleManager: Shutting down and abandoning module ShaderFormatD3D (151)
[2018.12.21-14.15.26:149][665]LogModuleManager: Shutting down and abandoning module MetalShaderFormat (149)
[2018.12.21-14.15.26:149][665]LogModuleManager: Shutting down and abandoning module TextureFormatUncompressed (147)
[2018.12.21-14.15.26:150][665]LogModuleManager: Shutting down and abandoning module TextureFormatPVR (145)
[2018.12.21-14.15.26:150][665]LogModuleManager: Shutting down and abandoning module TextureFormatDXT (143)
[2018.12.21-14.15.26:150][665]LogModuleManager: Shutting down and abandoning module TextureFormatIntelISPCTexComp (141)
[2018.12.21-14.15.26:150][665]LogModuleManager: Shutting down and abandoning module TextureFormatASTC (139)
[2018.12.21-14.15.26:150][665]LogModuleManager: Shutting down and abandoning module ImageWrapper (138)
[2018.12.21-14.15.26:150][665]LogModuleManager: Shutting down and abandoning module TextureFormatAndroid (135)
[2018.12.21-14.15.26:150][665]LogModuleManager: Shutting down and abandoning module AudioFormatOpus (133)
[2018.12.21-14.15.26:150][665]LogModuleManager: Shutting down and abandoning module AudioFormatOgg (131)
[2018.12.21-14.15.26:150][665]LogModuleManager: Shutting down and abandoning module AudioFormatADPCM (129)
[2018.12.21-14.15.26:150][665]LogModuleManager: Shutting down and abandoning module LuminTargetPlatform (127)
[2018.12.21-14.15.26:150][665]LogModuleManager: Shutting down and abandoning module LinuxTargetPlatform (125)
[2018.12.21-14.15.26:150][665]LogModuleManager: Shutting down and abandoning module LinuxServerTargetPlatform (123)
[2018.12.21-14.15.26:150][665]LogModuleManager: Shutting down and abandoning module LinuxNoEditorTargetPlatform (121)
[2018.12.21-14.15.26:150][665]LogModuleManager: Shutting down and abandoning module LinuxClientTargetPlatform (119)
[2018.12.21-14.15.26:150][665]LogModuleManager: Shutting down and abandoning module TVOSTargetPlatform (117)
[2018.12.21-14.15.26:151][665]LogModuleManager: Shutting down and abandoning module Messaging (115)
[2018.12.21-14.15.26:151][665]LogModuleManager: Shutting down and abandoning module IOSTargetPlatform (113)
[2018.12.21-14.15.26:152][665]LogModuleManager: Shutting down and abandoning module HTML5TargetPlatform (111)
[2018.12.21-14.15.26:152][665]LogModuleManager: Shutting down and abandoning module AndroidTargetPlatform (109)
[2018.12.21-14.15.26:160][665]LogModuleManager: Shutting down and abandoning module WindowsTargetPlatform (107)
[2018.12.21-14.15.26:160][665]LogModuleManager: Shutting down and abandoning module WindowsServerTargetPlatform (105)
[2018.12.21-14.15.26:160][665]LogModuleManager: Shutting down and abandoning module WindowsNoEditorTargetPlatform (103)
[2018.12.21-14.15.26:160][665]LogModuleManager: Shutting down and abandoning module WindowsClientTargetPlatform (101)
[2018.12.21-14.15.26:160][665]LogModuleManager: Shutting down and abandoning module MacTargetPlatform (99)
[2018.12.21-14.15.26:160][665]LogModuleManager: Shutting down and abandoning module MacServerTargetPlatform (97)
[2018.12.21-14.15.26:160][665]LogModuleManager: Shutting down and abandoning module MacNoEditorTargetPlatform (95)
[2018.12.21-14.15.26:160][665]LogModuleManager: Shutting down and abandoning module MacClientTargetPlatform (93)
[2018.12.21-14.15.26:160][665]LogModuleManager: Shutting down and abandoning module AllDesktopTargetPlatform (91)
[2018.12.21-14.15.26:160][665]LogModuleManager: Shutting down and abandoning module InputCore (88)
[2018.12.21-14.15.26:160][665]LogModuleManager: Shutting down and abandoning module Settings (86)
[2018.12.21-14.15.26:160][665]LogModuleManager: Shutting down and abandoning module PhysXCooking (84)
[2018.12.21-14.15.26:160][665]LogModuleManager: Shutting down and abandoning module SteamVR (82)
[2018.12.21-14.15.26:160][665]LogModuleManager: Shutting down and abandoning module OculusHMD (80)
[2018.12.21-14.15.26:160][665]LogModuleManager: Shutting down and abandoning module ExampleDeviceProfileSelector (78)
[2018.12.21-14.15.26:160][665]LogModuleManager: Shutting down and abandoning module LauncherChunkInstaller (76)
[2018.12.21-14.15.26:160][665]LogModuleManager: Shutting down and abandoning module OnlineBlueprintSupport (74)
[2018.12.21-14.15.26:160][665]LogModuleManager: Shutting down and abandoning module OnlineSubsystem (70)
[2018.12.21-14.15.26:161][665]LogModuleManager: Shutting down and abandoning module XMPP (65)
[2018.12.21-14.15.26:161][665]LogModuleManager: Shutting down and abandoning module WebSockets (64)
[2018.12.21-14.15.26:185][665]LogModuleManager: Shutting down and abandoning module HTTP (61)
[2018.12.21-14.15.26:185][665]LogHttp: Display: Http module shutting down, but needs to wait on 1 outstanding Http requests:
[2018.12.21-14.15.26:185][665]LogHttp: Display: 	verb=[POST] url=[https://datarouter.ol.epicgames.com/datarouter/api/v1/public/data?SessionID=%7BB48CC979-4DF5-4EE0-9C47-4EA982E615CB%7D&AppID=UEEditor.Rocket.Release&AppVersion=4.20.3-4369336%2B%2B%2BUE4%2BRelease-4.20&UserID=37fdba0f48301916b737328643aa1ed3%7Ce77f8f5a085a4cb3b9f7464a85c895fb%7C7e66de81-973d-428c-99e1-6ea05a5dbbfc&AppEnvironment=datacollector-binary&UploadType=eteventstream] status=Processing
[2018.12.21-14.15.26:200][665]LogModuleManager: Shutting down and abandoning module SSL (60)
[2018.12.21-14.15.26:201][665]LogModuleManager: Shutting down and abandoning module MagicLeapEmulator (56)
[2018.12.21-14.15.26:201][665]LogModuleManager: Shutting down and abandoning module MagicLeapPrivileges (54)
[2018.12.21-14.15.26:202][665]LogModuleManager: Shutting down and abandoning module MagicLeapIdentity (52)
[2018.12.21-14.15.26:202][665]LogModuleManager: Shutting down and abandoning module MagicLeapHelperVulkan (50)
[2018.12.21-14.15.26:202][665]LogModuleManager: Shutting down and abandoning module MagicLeapHelperOpenGL (48)
[2018.12.21-14.15.26:202][665]LogModuleManager: Shutting down and abandoning module MagicLeapSecureStorage (46)
[2018.12.21-14.15.26:202][665]LogModuleManager: Shutting down and abandoning module MagicLeapGestures (44)
[2018.12.21-14.15.26:202][665]LogModuleManager: Shutting down and abandoning module MagicLeapEyeTracker (42)
[2018.12.21-14.15.26:202][665]LogModuleManager: Shutting down and abandoning module MagicLeapController (40)
[2018.12.21-14.15.26:202][665]LogSlate: Slate User Destroyed.  User Index 0, Is Virtual User: 0
[2018.12.21-14.15.26:202][665]LogModuleManager: Shutting down and abandoning module MagicLeap (38)
[2018.12.21-14.15.26:202][665]LogModuleManager: Shutting down and abandoning module AnimationModifiers (36)
[2018.12.21-14.15.26:202][665]LogModuleManager: Shutting down and abandoning module PropertyEditor (35)
[2018.12.21-14.15.26:202][665]LogModuleManager: Shutting down and abandoning module AudioEditor (32)
[2018.12.21-14.15.26:202][665]LogModuleManager: Shutting down and abandoning module TextureCompressor (30)
[2018.12.21-14.15.26:203][665]LogModuleManager: Shutting down and abandoning module ShaderCore (28)
[2018.12.21-14.15.26:203][665]LogModuleManager: Shutting down and abandoning module Landscape (26)
[2018.12.21-14.15.26:203][665]LogModuleManager: Shutting down and abandoning module SlateRHIRenderer (24)
[2018.12.21-14.15.26:203][665]LogModuleManager: Shutting down and abandoning module OpenGLDrv (22)
[2018.12.21-14.15.26:203][665]LogModuleManager: Shutting down and abandoning module D3D11RHI (20)
[2018.12.21-14.15.26:203][665]LogModuleManager: Shutting down and abandoning module AnimGraphRuntime (18)
[2018.12.21-14.15.26:203][665]LogModuleManager: Shutting down and abandoning module Renderer (16)
[2018.12.21-14.15.26:203][665]LogModuleManager: Shutting down and abandoning module Engine (14)
[2018.12.21-14.15.26:203][665]LogModuleManager: Shutting down and abandoning module CoreUObject (12)
[2018.12.21-14.15.26:203][665]LogModuleManager: Shutting down and abandoning module NetworkFile (10)
[2018.12.21-14.15.26:203][665]LogModuleManager: Shutting down and abandoning module CookedIterativeFile (8)
[2018.12.21-14.15.26:203][665]LogModuleManager: Shutting down and abandoning module StreamingFile (6)
[2018.12.21-14.15.26:203][665]LogModuleManager: Shutting down and abandoning module SandboxFile (4)
[2018.12.21-14.15.26:203][665]LogModuleManager: Shutting down and abandoning module PakFile (2)
[2018.12.21-14.15.26:216][665]LogExit: Exiting.
[2018.12.21-14.15.26:221][665]Log file closed, 12/21/18 09:15:26
